2024-12-06 20:09:02,670 INFO:用户数据文件不存在，创建新的文件。
2024-12-06 20:09:02,671 INFO:已从文件加载用户数据。
2024-12-06 20:35:05,290 INFO:用户数据已备份到文件: mm.js
2024-12-06 20:35:26,133 INFO:用户数据已从文件恢复: mm.js
2024-12-06 20:35:47,795 DEBUG:验证邮箱 'hjukd@jdjah.com' 格式: 有效
2024-12-06 20:35:55,027 DEBUG:验证密码复杂度: 符合
2024-12-06 20:35:55,307 DEBUG:成功连接到数据库。
2024-12-06 20:35:55,337 INFO:新用户注册成功: djhudad
2024-12-06 20:36:28,252 INFO:用户登录成功: djhudad
2024-12-06 20:36:53,817 INFO:用户数据已保存到文件。
2024-12-06 20:38:29,129 INFO:已从文件加载用户数据。
2024-12-06 20:38:58,276 WARNING:用户修改密码失败（当前密码错误）: djhudad
2024-12-07 00:42:07,878 DEBUG:验证邮箱 'test@nankai.edu.cn' 格式: 有效
2024-12-07 00:42:27,803 DEBUG:验证密码复杂度: 不符合
2024-12-07 00:42:44,458 DEBUG:验证密码复杂度: 符合
2024-12-07 00:42:44,664 DEBUG:成功连接到数据库。
2024-12-07 00:42:44,672 INFO:新用户注册成功: test
2024-12-07 00:46:54,082 INFO:用户数据已保存到文件。
2024-12-07 00:47:06,539 INFO:已从文件加载用户数据。
2024-12-07 00:47:24,323 INFO:用户登录成功: test
2024-12-07 00:58:27,280 WARNING:用户修改密码失败（当前密码错误）: test
2024-12-07 00:59:07,900 DEBUG:验证邮箱 '123@nankai' 格式: 无效
2024-12-07 00:59:32,572 DEBUG:验证邮箱 '123@nankai.edu.cn' 格式: 有效
2024-12-07 00:59:32,589 DEBUG:成功连接到数据库。
2024-12-07 00:59:32,601 INFO:用户邮箱更新成功: test
2024-12-07 00:59:55,724 DEBUG:成功连接到数据库。
2024-12-07 00:59:55,728 INFO:用户账户已删除: test
2024-12-07 01:00:21,814 INFO:用户数据已备份到文件: test.json
2024-12-07 01:00:42,952 INFO:用户数据已从文件恢复: test.json
2024-12-07 01:01:30,956 ERROR:备份文件不存在: test1.json
2024-12-07 01:01:59,705 INFO:用户数据已导出到文件: test.csv
2024-12-07 01:02:11,070 INFO:程序被用户中断。
2024-12-07 01:02:11,070 INFO:用户数据已保存到文件。
2024-12-07 01:17:56,061 INFO:已从文件加载用户数据。
2024-12-07 01:22:45,510 DEBUG:验证邮箱 '123@hjuHUH&' 格式: 无效
2024-12-07 01:22:57,448 DEBUG:验证邮箱 '123@nankai.com' 格式: 有效
2024-12-07 01:23:07,862 DEBUG:验证密码复杂度: 符合
2024-12-07 01:23:08,043 DEBUG:成功连接到数据库。
2024-12-07 01:23:08,047 INFO:新用户注册成功: test1
2024-12-07 01:23:43,303 DEBUG:验证邮箱 'kdjiaf@nankai.edu.cn' 格式: 有效
2024-12-07 01:23:50,646 DEBUG:验证密码复杂度: 符合
2024-12-07 01:23:50,823 DEBUG:成功连接到数据库。
2024-12-07 01:23:50,828 INFO:新用户注册成功: test2
2024-12-07 01:24:06,874 DEBUG:验证邮箱 '1231@nankai.edu.cn' 格式: 有效
2024-12-07 01:24:12,999 DEBUG:验证密码复杂度: 符合
2024-12-07 01:24:13,179 DEBUG:成功连接到数据库。
2024-12-07 01:24:13,181 INFO:新用户注册成功: test3
2024-12-07 01:24:22,982 INFO:用户数据已备份到文件: backup.json
2024-12-07 01:24:33,310 INFO:用户数据已导出到文件: users.csv
2024-12-07 01:25:53,739 INFO:程序正常退出。
2024-12-07 01:25:53,739 INFO:用户数据已保存到文件。
2024-12-07 01:28:58,027 INFO:已从文件加载用户数据。
2024-12-07 01:29:10,687 INFO:用户数据已从文件恢复: backup.json
2024-12-07 01:29:12,153 INFO:程序正常退出。
2024-12-07 01:29:12,153 INFO:用户数据已保存到文件。
